date: 2014-03-24 15:01:28.641
argv: node /usr/local/bin/hexo d
os: Darwin 13.1.0 darwin x64
version:
  hexo: 2.4.5
  http_parser: 1.0
  node: 0.10.26
  v8: 3.14.5.9
  ares: 1.9.0-DEV
  uv: 0.10.25
  zlib: 1.2.3
  modules: 11
  openssl: 1.0.1e
---

[debug] 15:01:28.585 Configuration file load successfully
[debug] 15:01:28.586 Version info checked successfully
[debug] 15:01:28.607 Loading database.
[info] 15:01:28.628 Start deploying: github
[info] 15:01:28.631 Clearing .deploy folder...
[error] 15:01:28.635 Error: EACCES, unlink '/Users/hisway/code/hexo/.deploy/about/index.html'
Error: EACCES, unlink '/Users/hisway/code/hexo/.deploy/about/index.html'
